


          SolidWorks Corporation - STEP Processor Error Log
          ______________________________________________________

                       STEP Post Processor
                       ___________________


STEP File Name: C:\Users\Gorkem\Desktop\Parcalar\Extruder.step



Error: Obje tipi desteklenmiyor.
STEP-in baþarýyla tamamlanmadý.

Error: Obje tipi desteklenmiyor.
STEP-in baþarýyla tamamlanmadý.

Error: Obje tipi desteklenmiyor.
STEP-in baþarýyla tamamlanmadý.

Error: Obje tipi desteklenmiyor.
STEP-in baþarýyla tamamlanmadý.

Error: Obje tipi desteklenmiyor.
STEP-in baþarýyla tamamlanmadý.

Error: Obje tipi desteklenmiyor.
STEP-in baþarýyla tamamlanmadý.

Error: Obje tipi desteklenmiyor.
STEP-in baþarýyla tamamlanmadý.

Error: Obje tipi desteklenmiyor.
STEP-in baþarýyla tamamlanmadý.

Error: Obje tipi desteklenmiyor.
STEP-in baþarýyla tamamlanmadý.

Error: Obje tipi desteklenmiyor.
STEP-in baþarýyla tamamlanmadý.

Error: Obje tipi desteklenmiyor.
STEP-in baþarýyla tamamlanmadý.

Error: Obje tipi desteklenmiyor.
STEP-in baþarýyla tamamlanmadý.

Error: Obje tipi desteklenmiyor.
STEP-in baþarýyla tamamlanmadý.

Error: Obje tipi desteklenmiyor.
STEP-in baþarýyla tamamlanmadý.

Error: Obje tipi desteklenmiyor.
STEP-in baþarýyla tamamlanmadý.

Error: Obje tipi desteklenmiyor.
STEP-in baþarýyla tamamlanmadý.

Error: Obje tipi desteklenmiyor.
STEP-in baþarýyla tamamlanmadý.

Error: Obje tipi desteklenmiyor.
STEP-in baþarýyla tamamlanmadý.

Error: Obje tipi desteklenmiyor.
STEP-in baþarýyla tamamlanmadý.

Error: Obje tipi desteklenmiyor.
STEP-in baþarýyla tamamlanmadý.

Error: Obje tipi desteklenmiyor.
STEP-in baþarýyla tamamlanmadý.

Error: Obje tipi desteklenmiyor.
STEP-in baþarýyla tamamlanmadý.

Error: Obje tipi desteklenmiyor.
STEP-in baþarýyla tamamlanmadý.

Error: Obje tipi desteklenmiyor.
STEP-in baþarýyla tamamlanmadý.

Error: Obje tipi desteklenmiyor.
STEP-in baþarýyla tamamlanmadý.

Error: Obje tipi desteklenmiyor.
STEP-in baþarýyla tamamlanmadý.

Error: Obje tipi desteklenmiyor.
STEP-in baþarýyla tamamlanmadý.

Error: Obje tipi desteklenmiyor.
STEP-in baþarýyla tamamlanmadý.

Error: Obje tipi desteklenmiyor.
STEP-in baþarýyla tamamlanmadý.

Error: Obje tipi desteklenmiyor.
STEP-in baþarýyla tamamlanmadý.

Error: Obje tipi desteklenmiyor.
STEP-in baþarýyla tamamlanmadý.

Error: Obje tipi desteklenmiyor.
STEP-in baþarýyla tamamlanmadý.

Error: Obje tipi desteklenmiyor.
STEP-in baþarýyla tamamlanmadý.

Error: Obje tipi desteklenmiyor.
STEP-in baþarýyla tamamlanmadý.

Error: Obje tipi desteklenmiyor.
STEP-in baþarýyla tamamlanmadý.

Error: Obje tipi desteklenmiyor.
STEP-in baþarýyla tamamlanmadý.

Error: Obje tipi desteklenmiyor.
STEP-in baþarýyla tamamlanmadý.

Error: Obje tipi desteklenmiyor.
STEP-in baþarýyla tamamlanmadý.

Error: Obje tipi desteklenmiyor.
STEP-in baþarýyla tamamlanmadý.

Error: Obje tipi desteklenmiyor.
STEP-in baþarýyla tamamlanmadý.

Error: Obje tipi desteklenmiyor.
STEP-in baþarýyla tamamlanmadý.

Error: Obje tipi desteklenmiyor.
STEP-in baþarýyla tamamlanmadý.

Error: Obje tipi desteklenmiyor.
STEP-in baþarýyla tamamlanmadý.

Error: Obje tipi desteklenmiyor.
STEP-in baþarýyla tamamlanmadý.

Error: Obje tipi desteklenmiyor.
STEP-in baþarýyla tamamlanmadý.

Error: Obje tipi desteklenmiyor.
STEP-in baþarýyla tamamlanmadý.

Error: Obje tipi desteklenmiyor.
STEP-in baþarýyla tamamlanmadý.

Error: Obje tipi desteklenmiyor.
STEP-in baþarýyla tamamlanmadý.

Error: Obje tipi desteklenmiyor.
STEP-in baþarýyla tamamlanmadý.

Error: Obje tipi desteklenmiyor.
STEP-in baþarýyla tamamlanmadý.

Error: Obje tipi desteklenmiyor.
STEP-in baþarýyla tamamlanmadý.

Error: Obje tipi desteklenmiyor.
STEP-in baþarýyla tamamlanmadý.

Error: Obje tipi desteklenmiyor.
STEP-in baþarýyla tamamlanmadý.

Error: Obje tipi desteklenmiyor.
STEP-in baþarýyla tamamlanmadý.

Error: Obje tipi desteklenmiyor.
STEP-in baþarýyla tamamlanmadý.

Error: Obje tipi desteklenmiyor.
STEP-in baþarýyla tamamlanmadý.
Yüzeyler baþarýyla bir katý gövdeye iþlendi.
STEP-in tamamlandý.Yüzeyler baþarýyla bir katý gövdeye iþlendi.
STEP-in tamamlandý.
Error: Kýrpýlmýþ yüzeylerden katý oluþturulamýyor.
STEP-in baþarýyla tamamlanmadý.
Yüzeyler baþarýyla bir katý gövdeye iþlendi.
STEP-in tamamlandý.
Error: Kýrpýlmýþ yüzeylerden katý oluþturulamýyor.
STEP-in baþarýyla tamamlanmadý.
Yüzeyler baþarýyla bir katý gövdeye iþlendi.
STEP-in tamamlandý.Yüzeyler baþarýyla bir katý gövdeye iþlendi.
STEP-in tamamlandý.Yüzeyler baþarýyla bir katý gövdeye iþlendi.
STEP-in tamamlandý.Yüzeyler baþarýyla bir katý gövdeye iþlendi.
STEP-in tamamlandý.Yüzeyler baþarýyla bir katý gövdeye iþlendi.
STEP-in tamamlandý.Yüzeyler baþarýyla bir katý gövdeye iþlendi.
STEP-in tamamlandý.Yüzeyler baþarýyla bir katý gövdeye iþlendi.
STEP-in tamamlandý.Yüzeyler baþarýyla bir katý gövdeye iþlendi.
STEP-in tamamlandý.Yüzeyler baþarýyla bir katý gövdeye iþlendi.
STEP-in tamamlandý.Yüzeyler baþarýyla bir katý gövdeye iþlendi.
STEP-in tamamlandý.Yüzeyler baþarýyla bir katý gövdeye iþlendi.
STEP-in tamamlandý.Yüzeyler baþarýyla bir katý gövdeye iþlendi.
STEP-in tamamlandý.Yüzeyler baþarýyla bir katý gövdeye iþlendi.
STEP-in tamamlandý.Yüzeyler baþarýyla bir katý gövdeye iþlendi.
STEP-in tamamlandý.Yüzeyler baþarýyla bir katý gövdeye iþlendi.
STEP-in tamamlandý.Yüzeyler baþarýyla bir katý gövdeye iþlendi.
STEP-in tamamlandý.Yüzeyler baþarýyla bir katý gövdeye iþlendi.
STEP-in tamamlandý.Yüzeyler baþarýyla bir katý gövdeye iþlendi.
STEP-in tamamlandý.Yüzeyler baþarýyla bir katý gövdeye iþlendi.
STEP-in tamamlandý.Yüzeyler baþarýyla bir katý gövdeye iþlendi.
STEP-in tamamlandý.Yüzeyler baþarýyla bir katý gövdeye iþlendi.
STEP-in tamamlandý.Yüzeyler baþarýyla bir katý gövdeye iþlendi.
STEP-in tamamlandý.Yüzeyler baþarýyla bir katý gövdeye iþlendi.
STEP-in tamamlandý.Yüzeyler baþarýyla bir katý gövdeye iþlendi.
STEP-in tamamlandý.Yüzeyler baþarýyla bir katý gövdeye iþlendi.
STEP-in tamamlandý.Yüzeyler baþarýyla bir katý gövdeye iþlendi.
STEP-in tamamlandý.Yüzeyler baþarýyla bir katý gövdeye iþlendi.
STEP-in tamamlandý.Yüzeyler baþarýyla bir katý gövdeye iþlendi.
STEP-in tamamlandý.Yüzeyler baþarýyla bir katý gövdeye iþlendi.
STEP-in tamamlandý.Yüzeyler baþarýyla bir katý gövdeye iþlendi.
STEP-in tamamlandý.Yüzeyler baþarýyla bir katý gövdeye iþlendi.
STEP-in tamamlandý.Yüzeyler baþarýyla bir katý gövdeye iþlendi.
STEP-in tamamlandý.Yüzeyler baþarýyla bir katý gövdeye iþlendi.
STEP-in tamamlandý.Yüzeyler baþarýyla bir katý gövdeye iþlendi.
STEP-in tamamlandý.Yüzeyler baþarýyla bir katý gövdeye iþlendi.
STEP-in tamamlandý.Yüzeyler baþarýyla bir katý gövdeye iþlendi.
STEP-in tamamlandý.Yüzeyler baþarýyla bir katý gövdeye iþlendi.
STEP-in tamamlandý.Yüzeyler baþarýyla bir katý gövdeye iþlendi.
STEP-in tamamlandý.Yüzeyler baþarýyla bir katý gövdeye iþlendi.
STEP-in tamamlandý.Yüzeyler baþarýyla bir katý gövdeye iþlendi.
STEP-in tamamlandý.Yüzeyler baþarýyla bir katý gövdeye iþlendi.
STEP-in tamamlandý.Yüzeyler baþarýyla bir katý gövdeye iþlendi.
STEP-in tamamlandý.Yüzeyler baþarýyla bir katý gövdeye iþlendi.
STEP-in tamamlandý.Yüzeyler baþarýyla bir katý gövdeye iþlendi.
STEP-in tamamlandý.Yüzeyler baþarýyla bir katý gövdeye iþlendi.
STEP-in tamamlandý.